2023-04-18 21:28:57,816 [ERROR] Movie name: "abc.scrt" already used.
ERROR: 2023-04-18 21:29:44,032 Movie name: "abc.scrt" already used.
ERROR: 2023-04-18 23:41:47,855 ".pdf" is an unsupported extension. Supported extensions are ".mp4", ".mp3", ".wav", ".scrt"
ERROR: 2023-04-19 10:18:41,963 ".ipynb" is an unsupported extension. Supported extensions are ".mp4", ".mp3", ".wav", ".scrt"
ERROR: 2023-04-19 10:19:09,211 ".ipynb" is an unsupported extension. Supported extensions are ".mp4", ".mp3", ".wav", ".scrt"
ERROR: 2023-04-19 10:19:29,514 ".ipynb" is an unsupported extension. Supported extensions are ".mp4", ".mp3", ".wav", ".scrt"
ERROR: 2023-04-19 10:20:11,351 ".pdf" is an unsupported extension. Supported extensions are ".mp4", ".mp3", ".wav", ".scrt"
ERROR: 2023-04-19 10:20:59,789 Movie name: "abc.scrt" already used.
ERROR: 2023-04-19 10:24:45,391 Movie name: "abc.scrt" already used.
ERROR: 2023-04-19 10:25:17,122 Movie name: "abc.scrt" already used.
ERROR: 2023-04-19 10:27:45,590 Movie name: "abc.scrt" already used.
ERROR: 2023-04-19 14:27:31,830 Movie name: "abc.scrt" already used.
ERROR: 2023-04-19 14:31:50,960 Movie name: "abc.scrt" already used.
ERROR: 2023-04-19 14:34:46,169 Movie name: "abc.scrt" already used.
ERROR: 2023-04-19 14:36:18,718 Movie name: "abc.scrt" already used.
ERROR: 2023-04-19 14:39:45,384 Movie name: "abc.scrt" already used.
ERROR: 2023-04-19 14:45:28,771 Movie name: "abc.scrt" already used.
ERROR: 2023-04-19 14:45:46,405 Movie name: "abc.scrt" already used.
ERROR: 2023-04-19 14:46:37,692 Movie name: "abc.scrt" already used.
ERROR: 2023-04-19 14:47:11,162 Movie name: "abc.scrt" already used.
ERROR: 2023-04-19 14:47:33,457 Movie name: "abc.scrt" already used.
ERROR: 2023-04-19 14:47:54,250 Movie name: "abc.scrt" already used.
ERROR: 2023-04-19 14:48:18,019 Movie name: "abc.scrt" already used.
ERROR: 2023-04-19 14:48:53,834 Movie name: "abc.scrt" already used.
ERROR: 2023-04-19 14:49:03,714 Movie name: "abc.scrt" already used.
ERROR: 2023-04-19 14:49:12,012 Movie name: "abc.scrt" already used.
ERROR: 2023-04-19 14:49:38,415 Movie name: "abc.scrt" already used.
ERROR: 2023-04-19 14:50:24,074 Movie name: "abc.scrt" already used.
ERROR: 2023-04-19 14:51:43,324 Movie name: "abc.scrt" already used.
ERROR: 2023-04-19 14:53:03,728 Movie name: "abc.scrt" already used.
ERROR: 2023-04-19 14:53:30,545 Movie name: "abc.scrt" already used.
ERROR: 2023-04-19 14:55:30,456 Movie name: "abc.scrt" already used.
ERROR: 2023-04-19 14:56:16,430 Movie name: "abc.scrt" already used.
ERROR: 2023-04-19 14:56:31,334 Movie name: "abc.scrt" already used.
ERROR: 2023-04-19 14:57:05,683 Movie name: "abc.scrt" already used.
ERROR: 2023-04-19 14:57:21,262 Movie name: "abc.scrt" already used.
ERROR: 2023-04-19 14:57:37,027 Movie name: "abc.scrt" already used.
ERROR: 2023-04-19 14:58:17,580 Movie name: "abc.scrt" already used.
ERROR: 2023-04-19 14:58:45,781 Movie name: "abc.scrt" already used.
ERROR: 2023-04-19 14:59:18,652 Movie name: "abc.scrt" already used.
ERROR: 2023-04-19 14:59:40,878 Movie name: "abc.scrt" already used.
ERROR: 2023-04-19 15:02:18,679 Movie name: "abc.scrt" already used.
ERROR: 2023-04-19 15:03:27,864 Movie name: "abc.scrt" already used.
ERROR: 2023-04-19 15:05:24,519 Movie name: "abc.scrt" already used.
ERROR: 2023-04-19 15:05:51,031 Movie name: "abc.scrt" already used.
ERROR: 2023-04-19 15:06:20,460 Movie name: "abc.scrt" already used.
ERROR: 2023-04-19 15:06:26,799 Movie name: "abc.scrt" already used.
ERROR: 2023-04-19 15:06:56,654 Movie name: "abc.scrt" already used.
ERROR: 2023-04-19 15:07:31,076 Movie name: "abc.scrt" already used.
ERROR: 2023-04-19 15:10:39,169 Movie name: "abc.scrt" already used.
ERROR: 2023-04-19 15:11:32,797 Movie name: "abc.scrt" already used.
ERROR: 2023-04-19 15:13:29,073 Movie name: "abc.scrt" already used.
ERROR: 2023-04-19 15:14:49,753 Movie name: "abc.scrt" already used.
ERROR: 2023-04-19 15:15:00,441 Movie name: "abc.scrt" already used.
ERROR: 2023-04-19 15:15:14,950 Movie name: "abc.scrt" already used.
ERROR: 2023-04-19 15:15:54,665 Movie name: "abc.scrt" already used.
ERROR: 2023-04-19 15:16:57,508 Movie name: "abc.scrt" already used.
ERROR: 2023-04-19 15:17:23,635 Movie name: "abc.scrt" already used.
ERROR: 2023-04-19 15:18:16,118 Movie name: "abc.scrt" already used.
ERROR: 2023-04-19 17:13:41,032 Movie name: "abc.scrt" already used.
ERROR: 2023-04-19 17:25:32,580 Movie name "abc.scrt" has been already used.
ERROR: 2023-04-19 17:25:41,470 ".htm" is an unsupported extension. Supported extensions are ".mp4", ".mp3", ".wav", ".scrt"
WARNING: 2023-04-19 17:26:18,449 C:\Users\Ata\VsCode\Last-Year-Project\env\lib\site-packages\pydub\utils.py:198: RuntimeWarning: Couldn't find ffprobe or avprobe - defaulting to ffprobe, but may not work
  warn("Couldn't find ffprobe or avprobe - defaulting to ffprobe, but may not work", RuntimeWarning)

WARNING: 2023-04-19 17:26:18,451 C:\Users\Ata\VsCode\Last-Year-Project\env\lib\site-packages\pydub\utils.py:268: RuntimeWarning: coroutine 'UploadFile.seek' was never awaited
  file.seek(0)

ERROR: 2023-04-19 17:26:56,502 ".htm" is an unsupported extension. Supported extensions are ".mp4", ".mp3", ".wav", ".scrt"
ERROR: 2023-04-19 17:27:34,805 Movie name "ballin-By-Tuna.mp3" has been already used.
INFO: 2023-04-19 18:17:25,601 Search has been runned with parameter `asd`
INFO: 2023-04-19 18:17:34,339 Search has been runned with parameter `abc.scrt`
INFO: 2023-04-19 18:17:37,359 Search has been runned with parameter `abc`
INFO: 2023-04-19 18:17:40,190 Search has been runned with parameter `scrt`
INFO: 2023-04-19 18:17:42,927 Search has been runned with parameter `a`
INFO: 2023-04-19 18:17:47,683 Search has been runned with parameter `b`
INFO: 2023-04-19 18:42:49,549 Search has been runned with parameter `b`
WARNING: 2023-04-19 18:52:05,271 C:\Users\Ata\VsCode\Last-Year-Project\.\Interface\functions.py:32: RuntimeWarning: coroutine 'UploadFile.read' was never awaited
  f.write(uploaded_file.read())

WARNING: 2023-04-19 19:05:50,668 C:\Users\Ata\VsCode\Last-Year-Project\env\lib\site-packages\pydub\utils.py:198: RuntimeWarning: Couldn't find ffprobe or avprobe - defaulting to ffprobe, but may not work
  warn("Couldn't find ffprobe or avprobe - defaulting to ffprobe, but may not work", RuntimeWarning)

ERROR: 2023-05-12 17:09:48,906 ".pdf" is an unsupported extension. Supported extensions are ".mp4", ".mp3", ".wav", ".scrt"
INFO: 2023-05-23 21:10:32,488 Search has been runned with parameter `b`
INFO: 2023-05-23 21:10:38,053 Search has been runned with parameter `*`
INFO: 2023-05-23 21:10:41,625 Search has been runned with parameter `a`
INFO: 2023-05-23 21:10:45,245 Search has been runned with parameter `a`
INFO: 2023-06-06 11:44:27,466 Search has been run with parameter `asdf`
INFO: 2023-06-06 11:44:28,048 Search has been run with parameter `asdf`
INFO: 2023-06-06 11:44:28,174 Search has been run with parameter `asdf`
INFO: 2023-06-06 11:44:28,408 Search has been run with parameter `asdf`
INFO: 2023-06-06 11:45:09,776 Search has been run with parameter `asdf`
INFO: 2023-06-06 11:58:08,763 Search has been run with parameter `asdf`
INFO: 2023-06-06 12:01:43,649 Search has been run with parameter `asdf`
INFO: 2023-06-06 12:01:49,443 Search has been run with parameter `asdfasdf`
INFO: 2023-06-06 12:02:31,413 Search has been run with parameter `Select *`
INFO: 2023-06-06 12:08:58,099 Search has been run with parameter `asdf`
INFO: 2023-06-06 12:09:58,872 Search has been run with parameter `asdf`
INFO: 2023-06-06 12:10:14,679 Search has been run with parameter `asdf`
INFO: 2023-06-06 12:10:59,718 Search has been run with parameter `asdf`
INFO: 2023-06-06 12:11:33,826 Search has been run with parameter `asdf`
INFO: 2023-06-06 12:11:44,103 Search has been run with parameter `asdf`
INFO: 2023-06-06 14:43:22,031 Search has been run with parameter `asdf`
INFO: 2023-06-06 16:41:18,910 Search has been run with parameter `asdf`
INFO: 2023-06-06 17:03:34,132 Search has been run with parameter `asdf`
INFO: 2023-06-06 17:03:37,877 Search has been run with parameter `asdf`
INFO: 2023-06-06 17:03:48,182 Search has been run with parameter `asdf`
INFO: 2023-06-06 17:09:13,863 Search has been run with parameter `asdf`
INFO: 2023-06-06 17:09:36,319 Search has been run with parameter `asdf`
INFO: 2023-06-06 18:31:37,842 Search has been run with parameter `sdfg`
INFO: 2023-06-06 18:31:44,475 Search has been run with parameter `sdfg`
INFO: 2023-06-06 18:31:56,467 Search has been run with parameter `asdf`
INFO: 2023-06-06 18:32:28,746 Search has been run with parameter `asdf`
INFO: 2023-06-06 18:46:07,211 Search has been run with parameter `asdf`
INFO: 2023-06-06 18:49:19,241 Search has been run with parameter `asdfasdf`
INFO: 2023-06-06 19:07:18,689 Search has been run with parameter `asdf`
INFO: 2023-06-06 19:07:32,025 Search has been run with parameter `asdf`
INFO: 2023-06-06 19:12:43,072 Search has been run with parameter `asdf`
INFO: 2023-06-06 19:29:03,105 Search has been run with parameter `asdf`
INFO: 2023-06-06 19:29:42,821 Search has been run with parameter `asdf`
INFO: 2023-06-06 19:33:54,811 Search has been run with parameter `asdf`
INFO: 2023-06-06 19:47:40,717 Search has been run with parameter `asdf`
INFO: 2023-06-06 19:50:31,954 Search has been run with parameter `asdf`
INFO: 2023-06-06 19:50:52,838 Search has been run with parameter `asdf`
INFO: 2023-06-06 19:50:56,061 Search has been run with parameter `asdf`
INFO: 2023-06-06 19:51:19,409 Search has been run with parameter `asdf`
INFO: 2023-06-06 19:51:39,863 Search has been run with parameter `asdf`
INFO: 2023-06-06 19:51:48,956 Search has been run with parameter `asdf`
ERROR: 2023-06-06 19:56:45,009 Movie name "abc.scrt" has been already used.
ERROR: 2023-06-06 19:58:26,832 ".json" is an unsupported extension. Supported extensions are ".mp4", ".mp3", ".wav", ".scrt"
ERROR: 2023-06-06 19:58:41,650 Movie name "abc.scrt" has been already used.
ERROR: 2023-06-06 19:59:12,828 Movie name "abc.scrt" has been already used.
ERROR: 2023-06-06 20:00:25,563 Movie name "abc.scrt" has been already used.
ERROR: 2023-06-06 20:02:43,794 Movie name "abc.scrt" has been already used.
ERROR: 2023-06-06 20:03:04,516 Movie name "abc.scrt" has been already used.
ERROR: 2023-06-06 20:04:30,818 Movie name "abc.scrt" has been already used.
ERROR: 2023-06-06 20:07:19,821 Movie name "abc.scrt" has been already used.
ERROR: 2023-06-06 20:08:40,997 ".json" is an unsupported extension. Supported extensions are ".mp4", ".mp3", ".wav", ".scrt"
ERROR: 2023-06-06 20:10:08,960 ".json" is an unsupported extension. Supported extensions are ".mp4", ".mp3", ".wav", ".scrt"
ERROR: 2023-06-06 20:10:14,119 ".json" is an unsupported extension. Supported extensions are ".mp4", ".mp3", ".wav", ".scrt"
ERROR: 2023-06-06 20:10:18,003 ".json" is an unsupported extension. Supported extensions are ".mp4", ".mp3", ".wav", ".scrt"
INFO: 2023-06-06 20:11:04,019 Search has been run with parameter `abc.scrt`
INFO: 2023-06-06 20:11:16,378 Search has been run with parameter `abc.scrt`
INFO: 2023-06-06 20:11:20,519 Search has been run with parameter `abc.scrt`
